2025-02-05 19:54:18,980 - scraper.cbre - INFO - Starting CBRE property extraction
2025-02-05 19:54:18,981 - scraper.cbre - INFO - Starting property URL extraction
2025-02-05 19:54:26,976 - scraper.cbre - INFO - Found 24 property URLs on page 1
2025-02-05 19:54:28,923 - scraper.cbre - INFO - Found 24 property URLs on page 2
2025-02-05 19:54:32,793 - scraper.cbre - INFO - Found 24 property URLs on page 3
2025-02-05 19:54:35,302 - scraper.cbre - ERROR - Error in CBRE scraper: BrowserContext.close: Target page, context or browser has been closed
Browser logs:

<launching> /Users/michaelmontalbano/Library/Caches/ms-playwright/chromium-1148/chrome-mac/Chromium.app/Contents/MacOS/Chromium --disable-field-trial-config --disable-background-networking --disable-background-timer-throttling --disable-backgrounding-occluded-windows --disable-back-forward-cache --disable-breakpad --disable-client-side-phishing-detection --disable-component-extensions-with-background-pages --disable-component-update --no-default-browser-check --disable-default-apps --disable-dev-shm-usage --disable-extensions --disable-features=ImprovedCookieControls,LazyFrameLoading,GlobalMediaControls,DestroyProfileOnBrowserClose,MediaRouter,DialMediaRouteProvider,AcceptCHFrame,AutoExpandDetailsElement,CertificateTransparencyComponentUpdater,AvoidUnnecessaryBeforeUnloadCheckSync,Translate,HttpsUpgrades,PaintHolding,ThirdPartyStoragePartitioning,LensOverlay,PlzDedicatedWorker --allow-pre-commit-input --disable-hang-monitor --disable-ipc-flooding-protection --disable-popup-blocking --disable-prompt-on-repost --disable-renderer-backgrounding --force-color-profile=srgb --metrics-recording-only --no-first-run --enable-automation --password-store=basic --use-mock-keychain --no-service-autorun --export-tagged-pdf --disable-search-engine-choice-screen --unsafely-disable-devtools-self-xss-warnings --enable-use-zoom-for-dsf=false --headless --hide-scrollbars --mute-audio --blink-settings=primaryHoverType=2,availableHoverTypes=2,primaryPointerType=4,availablePointerTypes=4 --no-sandbox --disable-gpu --disable-gpu-compositing --disable-software-rasterizer --no-sandbox --disable-dev-shm-usage --no-first-run --no-default-browser-check --disable-infobars --window-position=0,0 --ignore-certificate-errors --ignore-certificate-errors-spki-list --disable-blink-features=AutomationControlled --window-position=400,0 --disable-renderer-backgrounding --disable-ipc-flooding-protection --force-color-profile=srgb --mute-audio --disable-background-timer-throttling --window-size=1080,600 --disable-web-security --user-data-dir=/var/folders/bb/v_lgcbrn4nnb28p738tql5sh0000gn/T/playwright_chromiumdev_profile-frp3n3 --remote-debugging-pipe --no-startup-window
<launched> pid=20746
[pid=20746] <gracefully close start>
Traceback (most recent call last):
  File "/Users/michaelmontalbano/Desktop/RyanScraper/backend/scrapers/cbre.py", line 47, in scrape
    async with AsyncWebCrawler(config=browser_config) as crawler:
  File "/Users/michaelmontalbano/.pyenv/versions/3.11.2/lib/python3.11/site-packages/crawl4ai/async_webcrawler.py", line 244, in __aexit__
    await self.close()
  File "/Users/michaelmontalbano/.pyenv/versions/3.11.2/lib/python3.11/site-packages/crawl4ai/async_webcrawler.py", line 238, in close
    await self.crawler_strategy.__aexit__(None, None, None)
  File "/Users/michaelmontalbano/.pyenv/versions/3.11.2/lib/python3.11/site-packages/crawl4ai/async_crawler_strategy.py", line 891, in __aexit__
    await self.close()
  File "/Users/michaelmontalbano/.pyenv/versions/3.11.2/lib/python3.11/site-packages/crawl4ai/async_crawler_strategy.py", line 908, in close
    await self.browser_manager.close()
  File "/Users/michaelmontalbano/.pyenv/versions/3.11.2/lib/python3.11/site-packages/crawl4ai/async_crawler_strategy.py", line 782, in close
    await self.kill_session(session_id)
  File "/Users/michaelmontalbano/.pyenv/versions/3.11.2/lib/python3.11/site-packages/crawl4ai/async_crawler_strategy.py", line 761, in kill_session
    await context.close()
  File "/Users/michaelmontalbano/.pyenv/versions/3.11.2/lib/python3.11/site-packages/playwright/async_api/_generated.py", line 13423, in close
    return mapping.from_maybe_impl(await self._impl_obj.close(reason=reason))
                                   ^^^^^^^^^^^^^^^^^^^^^^^^^^^^^^^^^^^^^^^^^
  File "/Users/michaelmontalbano/.pyenv/versions/3.11.2/lib/python3.11/site-packages/playwright/_impl/_browser_context.py", line 599, in close
    await self._channel.send("close", {"reason": reason})
  File "/Users/michaelmontalbano/.pyenv/versions/3.11.2/lib/python3.11/site-packages/playwright/_impl/_connection.py", line 61, in send
    return await self._connection.wrap_api_call(
           ^^^^^^^^^^^^^^^^^^^^^^^^^^^^^^^^^^^^^
  File "/Users/michaelmontalbano/.pyenv/versions/3.11.2/lib/python3.11/site-packages/playwright/_impl/_connection.py", line 528, in wrap_api_call
    raise rewrite_error(error, f"{parsed_st['apiName']}: {error}") from None
playwright._impl._errors.TargetClosedError: BrowserContext.close: Target page, context or browser has been closed
Browser logs:

<launching> /Users/michaelmontalbano/Library/Caches/ms-playwright/chromium-1148/chrome-mac/Chromium.app/Contents/MacOS/Chromium --disable-field-trial-config --disable-background-networking --disable-background-timer-throttling --disable-backgrounding-occluded-windows --disable-back-forward-cache --disable-breakpad --disable-client-side-phishing-detection --disable-component-extensions-with-background-pages --disable-component-update --no-default-browser-check --disable-default-apps --disable-dev-shm-usage --disable-extensions --disable-features=ImprovedCookieControls,LazyFrameLoading,GlobalMediaControls,DestroyProfileOnBrowserClose,MediaRouter,DialMediaRouteProvider,AcceptCHFrame,AutoExpandDetailsElement,CertificateTransparencyComponentUpdater,AvoidUnnecessaryBeforeUnloadCheckSync,Translate,HttpsUpgrades,PaintHolding,ThirdPartyStoragePartitioning,LensOverlay,PlzDedicatedWorker --allow-pre-commit-input --disable-hang-monitor --disable-ipc-flooding-protection --disable-popup-blocking --disable-prompt-on-repost --disable-renderer-backgrounding --force-color-profile=srgb --metrics-recording-only --no-first-run --enable-automation --password-store=basic --use-mock-keychain --no-service-autorun --export-tagged-pdf --disable-search-engine-choice-screen --unsafely-disable-devtools-self-xss-warnings --enable-use-zoom-for-dsf=false --headless --hide-scrollbars --mute-audio --blink-settings=primaryHoverType=2,availableHoverTypes=2,primaryPointerType=4,availablePointerTypes=4 --no-sandbox --disable-gpu --disable-gpu-compositing --disable-software-rasterizer --no-sandbox --disable-dev-shm-usage --no-first-run --no-default-browser-check --disable-infobars --window-position=0,0 --ignore-certificate-errors --ignore-certificate-errors-spki-list --disable-blink-features=AutomationControlled --window-position=400,0 --disable-renderer-backgrounding --disable-ipc-flooding-protection --force-color-profile=srgb --mute-audio --disable-background-timer-throttling --window-size=1080,600 --disable-web-security --user-data-dir=/var/folders/bb/v_lgcbrn4nnb28p738tql5sh0000gn/T/playwright_chromiumdev_profile-frp3n3 --remote-debugging-pipe --no-startup-window
<launched> pid=20746
[pid=20746] <gracefully close start>
